{"/Users/debaryadutta/health_fit/src/services/ChatService.ts": {"path":"/Users/debaryadutta/health_fit/src/services/ChatService.ts","statementMap":{"0":{"start":{"line":19,"column":8},"end":{"line":19,"column":null}},"1":{"start":{"line":20,"column":8},"end":{"line":20,"column":null}},"2":{"start":{"line":24,"column":23},"end":{"line":24,"column":null}},"3":{"start":{"line":26,"column":8},"end":{"line":28,"column":null}},"4":{"start":{"line":27,"column":12},"end":{"line":27,"column":null}},"5":{"start":{"line":30,"column":43},"end":{"line":47,"column":null}},"6":{"start":{"line":49,"column":29},"end":{"line":49,"column":null}},"7":{"start":{"line":51,"column":8},"end":{"line":89,"column":null}},"8":{"start":{"line":52,"column":29},"end":{"line":65,"column":null}},"9":{"start":{"line":67,"column":12},"end":{"line":71,"column":null}},"10":{"start":{"line":68,"column":34},"end":{"line":68,"column":null}},"11":{"start":{"line":69,"column":16},"end":{"line":69,"column":null}},"12":{"start":{"line":70,"column":16},"end":{"line":70,"column":null}},"13":{"start":{"line":73,"column":25},"end":{"line":73,"column":null}},"14":{"start":{"line":75,"column":12},"end":{"line":83,"column":null}},"15":{"start":{"line":76,"column":30},"end":{"line":76,"column":null}},"16":{"start":{"line":80,"column":16},"end":{"line":80,"column":null}},"17":{"start":{"line":82,"column":16},"end":{"line":82,"column":null}},"18":{"start":{"line":85,"column":12},"end":{"line":85,"column":null}},"19":{"start":{"line":87,"column":12},"end":{"line":87,"column":null}},"20":{"start":{"line":88,"column":12},"end":{"line":88,"column":null}}},"fnMap":{"0":{"name":"(anonymous_0)","decl":{"start":{"line":18,"column":4},"end":{"line":18,"column":18}},"loc":{"start":{"line":18,"column":18},"end":{"line":21,"column":null}},"line":18},"1":{"name":"(anonymous_1)","decl":{"start":{"line":23,"column":10},"end":{"line":23,"column":15}},"loc":{"start":{"line":23,"column":98},"end":{"line":90,"column":null}},"line":23}},"branchMap":{"0":{"loc":{"start":{"line":23,"column":40},"end":{"line":23,"column":98}},"type":"default-arg","locations":[{"start":{"line":23,"column":75},"end":{"line":23,"column":98}}],"line":23},"1":{"loc":{"start":{"line":26,"column":8},"end":{"line":28,"column":null}},"type":"if","locations":[{"start":{"line":26,"column":8},"end":{"line":28,"column":null}},{"start":{},"end":{}}],"line":26},"2":{"loc":{"start":{"line":46,"column":2},"end":{"line":46,"column":76}},"type":"cond-expr","locations":[{"start":{"line":46,"column":22},"end":{"line":46,"column":74}},{"start":{"line":46,"column":74},"end":{"line":46,"column":76}}],"line":46},"3":{"loc":{"start":{"line":67,"column":12},"end":{"line":71,"column":null}},"type":"if","locations":[{"start":{"line":67,"column":12},"end":{"line":71,"column":null}},{"start":{},"end":{}}],"line":67},"4":{"loc":{"start":{"line":75,"column":12},"end":{"line":83,"column":null}},"type":"if","locations":[{"start":{"line":75,"column":12},"end":{"line":83,"column":null}},{"start":{},"end":{}}],"line":75},"5":{"loc":{"start":{"line":75,"column":16},"end":{"line":75,"column":57}},"type":"binary-expr","locations":[{"start":{"line":75,"column":16},"end":{"line":75,"column":32}},{"start":{"line":75,"column":32},"end":{"line":75,"column":57}}],"line":75}},"s":{"0":5,"1":5,"2":5,"3":5,"4":1,"5":4,"6":5,"7":5,"8":5,"9":4,"10":1,"11":1,"12":1,"13":3,"14":3,"15":3,"16":3,"17":3,"18":0,"19":1,"20":1},"f":{"0":5,"1":5},"b":{"0":[5],"1":[1,4],"2":[0,4],"3":[1,3],"4":[3,0],"5":[3,3]},"meta":{"lastBranch":6,"lastFunction":2,"lastStatement":21,"seen":{"f:18:4:18:18":0,"s:19:8:19:Infinity":0,"s:20:8:20:Infinity":1,"f:23:10:23:15":1,"b:23:75:23:98":0,"s:24:23:24:Infinity":2,"b:26:8:28:Infinity:undefined:undefined:undefined:undefined":1,"s:26:8:28:Infinity":3,"s:27:12:27:Infinity":4,"s:30:43:47:Infinity":5,"b:46:22:46:74:46:74:46:76":2,"s:49:29:49:Infinity":6,"s:51:8:89:Infinity":7,"s:52:29:65:Infinity":8,"b:67:12:71:Infinity:undefined:undefined:undefined:undefined":3,"s:67:12:71:Infinity":9,"s:68:34:68:Infinity":10,"s:69:16:69:Infinity":11,"s:70:16:70:Infinity":12,"s:73:25:73:Infinity":13,"b:75:12:83:Infinity:undefined:undefined:undefined:undefined":4,"s:75:12:83:Infinity":14,"b:75:16:75:32:75:32:75:57":5,"s:76:30:76:Infinity":15,"s:80:16:80:Infinity":16,"s:82:16:82:Infinity":17,"s:85:12:85:Infinity":18,"s:87:12:87:Infinity":19,"s:88:12:88:Infinity":20}}}
,"/Users/debaryadutta/health_fit/src/services/UserService.ts": {"path":"/Users/debaryadutta/health_fit/src/services/UserService.ts","statementMap":{"0":{"start":{"line":8,"column":8},"end":{"line":8,"column":null}},"1":{"start":{"line":12,"column":29},"end":{"line":12,"column":null}},"2":{"start":{"line":14,"column":8},"end":{"line":19,"column":null}},"3":{"start":{"line":15,"column":12},"end":{"line":18,"column":null}},"4":{"start":{"line":21,"column":8},"end":{"line":21,"column":null}},"5":{"start":{"line":25,"column":29},"end":{"line":25,"column":null}},"6":{"start":{"line":27,"column":8},"end":{"line":33,"column":null}},"7":{"start":{"line":28,"column":12},"end":{"line":30,"column":null}},"8":{"start":{"line":29,"column":16},"end":{"line":29,"column":null}},"9":{"start":{"line":31,"column":12},"end":{"line":31,"column":null}},"10":{"start":{"line":32,"column":12},"end":{"line":32,"column":null}},"11":{"start":{"line":35,"column":8},"end":{"line":35,"column":null}},"12":{"start":{"line":36,"column":8},"end":{"line":36,"column":null}},"13":{"start":{"line":40,"column":8},"end":{"line":40,"column":null}},"14":{"start":{"line":44,"column":8},"end":{"line":44,"column":null}},"15":{"start":{"line":48,"column":8},"end":{"line":48,"column":null}},"16":{"start":{"line":52,"column":8},"end":{"line":52,"column":null}},"17":{"start":{"line":56,"column":26},"end":{"line":56,"column":null}},"18":{"start":{"line":57,"column":27},"end":{"line":57,"column":null}},"19":{"start":{"line":58,"column":8},"end":{"line":58,"column":null}}},"fnMap":{"0":{"name":"(anonymous_0)","decl":{"start":{"line":7,"column":4},"end":{"line":7,"column":16}},"loc":{"start":{"line":7,"column":48},"end":{"line":9,"column":null}},"line":7},"1":{"name":"(anonymous_1)","decl":{"start":{"line":11,"column":10},"end":{"line":11,"column":24}},"loc":{"start":{"line":11,"column":81},"end":{"line":22,"column":null}},"line":11},"2":{"name":"(anonymous_2)","decl":{"start":{"line":24,"column":10},"end":{"line":24,"column":23}},"loc":{"start":{"line":24,"column":132},"end":{"line":37,"column":null}},"line":24},"3":{"name":"(anonymous_3)","decl":{"start":{"line":39,"column":10},"end":{"line":39,"column":27}},"loc":{"start":{"line":39,"column":78},"end":{"line":41,"column":null}},"line":39},"4":{"name":"(anonymous_4)","decl":{"start":{"line":43,"column":10},"end":{"line":43,"column":29}},"loc":{"start":{"line":43,"column":80},"end":{"line":45,"column":null}},"line":43},"5":{"name":"(anonymous_5)","decl":{"start":{"line":47,"column":10},"end":{"line":47,"column":33}},"loc":{"start":{"line":47,"column":87},"end":{"line":49,"column":null}},"line":47},"6":{"name":"(anonymous_6)","decl":{"start":{"line":51,"column":10},"end":{"line":51,"column":25}},"loc":{"start":{"line":51,"column":108},"end":{"line":53,"column":null}},"line":51},"7":{"name":"(anonymous_7)","decl":{"start":{"line":55,"column":10},"end":{"line":55,"column":46}},"loc":{"start":{"line":55,"column":46},"end":{"line":59,"column":null}},"line":55}},"branchMap":{"0":{"loc":{"start":{"line":14,"column":8},"end":{"line":19,"column":null}},"type":"if","locations":[{"start":{"line":14,"column":8},"end":{"line":19,"column":null}},{"start":{},"end":{}}],"line":14},"1":{"loc":{"start":{"line":27,"column":8},"end":{"line":33,"column":null}},"type":"if","locations":[{"start":{"line":27,"column":8},"end":{"line":33,"column":null}},{"start":{},"end":{}}],"line":27},"2":{"loc":{"start":{"line":28,"column":12},"end":{"line":30,"column":null}},"type":"if","locations":[{"start":{"line":28,"column":12},"end":{"line":30,"column":null}},{"start":{},"end":{}}],"line":28},"3":{"loc":{"start":{"line":58,"column":29},"end":{"line":58,"column":null}},"type":"binary-expr","locations":[{"start":{"line":58,"column":29},"end":{"line":58,"column":42}},{"start":{"line":58,"column":42},"end":{"line":58,"column":null}}],"line":58}},"s":{"0":6,"1":2,"2":2,"3":1,"4":1,"5":3,"6":3,"7":2,"8":1,"9":1,"10":1,"11":1,"12":1,"13":0,"14":0,"15":0,"16":0,"17":1,"18":1,"19":1},"f":{"0":6,"1":2,"2":3,"3":0,"4":0,"5":0,"6":0,"7":1},"b":{"0":[1,1],"1":[2,1],"2":[1,1],"3":[1,0]},"meta":{"lastBranch":4,"lastFunction":8,"lastStatement":20,"seen":{"f:7:4:7:16":0,"s:8:8:8:Infinity":0,"f:11:10:11:24":1,"s:12:29:12:Infinity":1,"b:14:8:19:Infinity:undefined:undefined:undefined:undefined":0,"s:14:8:19:Infinity":2,"s:15:12:18:Infinity":3,"s:21:8:21:Infinity":4,"f:24:10:24:23":2,"s:25:29:25:Infinity":5,"b:27:8:33:Infinity:undefined:undefined:undefined:undefined":1,"s:27:8:33:Infinity":6,"b:28:12:30:Infinity:undefined:undefined:undefined:undefined":2,"s:28:12:30:Infinity":7,"s:29:16:29:Infinity":8,"s:31:12:31:Infinity":9,"s:32:12:32:Infinity":10,"s:35:8:35:Infinity":11,"s:36:8:36:Infinity":12,"f:39:10:39:27":3,"s:40:8:40:Infinity":13,"f:43:10:43:29":4,"s:44:8:44:Infinity":14,"f:47:10:47:33":5,"s:48:8:48:Infinity":15,"f:51:10:51:25":6,"s:52:8:52:Infinity":16,"f:55:10:55:46":7,"s:56:26:56:Infinity":17,"s:57:27:57:Infinity":18,"s:58:8:58:Infinity":19,"b:58:29:58:42:58:42:58:Infinity":3}}}
}
